{
  "stats": {
    "suites": 2,
    "tests": 14,
    "passes": 14,
    "pending": 0,
    "failures": 0,
    "start": "2025-07-09T10:45:01.149Z",
    "end": "2025-07-09T10:45:06.387Z",
    "duration": 5238,
    "testsRegistered": 14,
    "passPercent": 100,
    "pendingPercent": 0,
    "other": 0,
    "hasOther": false,
    "skipped": 0,
    "hasSkipped": false
  },
  "results": [
    {
      "uuid": "d3cc3c8d-1347-4919-86d7-f9db1e728acd",
      "title": "",
      "fullFile": "",
      "file": "",
      "beforeHooks": [],
      "afterHooks": [],
      "tests": [],
      "suites": [
        {
          "uuid": "ea9da1a4-e2cb-46f6-ac67-f950b3de6c65",
          "title": "Post API tests",
          "fullFile": "C:\\Users\\Verni\\api-supertest-use-case\\src\\tests\\posts.test.js",
          "file": "\\src\\tests\\posts.test.js",
          "beforeHooks": [],
          "afterHooks": [],
          "tests": [
            {
              "title": "should retrieve all posts",
              "fullTitle": "Post API tests should retrieve all posts",
              "timedOut": false,
              "duration": 161,
              "state": "passed",
              "speed": "slow",
              "pass": true,
              "fail": false,
              "pending": false,
              "context": null,
              "code": "const response = await api.get('/posts');\nexpect(response.status).to.equal(200);\nexpect(response.body).to.be.an('array');",
              "err": {},
              "uuid": "518ebf96-3346-44ac-a695-b1709c53ad7c",
              "parentUUID": "ea9da1a4-e2cb-46f6-ac67-f950b3de6c65",
              "isHook": false,
              "skipped": false
            },
            {
              "title": "should retrieve a specific post",
              "fullTitle": "Post API tests should retrieve a specific post",
              "timedOut": false,
              "duration": 122,
              "state": "passed",
              "speed": "slow",
              "pass": true,
              "fail": false,
              "pending": false,
              "context": null,
              "code": "const response = await api.get('/posts/1');\nexpect(response.status).to.equal(200);\nexpect(response.body).to.include.keys('id', 'title', 'body');",
              "err": {},
              "uuid": "d75c19f1-dc66-41da-b4ef-bf1d846c6699",
              "parentUUID": "ea9da1a4-e2cb-46f6-ac67-f950b3de6c65",
              "isHook": false,
              "skipped": false
            },
            {
              "title": "should create a new post",
              "fullTitle": "Post API tests should create a new post",
              "timedOut": false,
              "duration": 720,
              "state": "passed",
              "speed": "slow",
              "pass": true,
              "fail": false,
              "pending": false,
              "context": null,
              "code": "const response = await api\n  .post('/posts')\n  .send({\n    title: 'Lorem Ipsum',\n    body: 'This is a sample post',\n  });\nexpect(response.status).to.equal(201);",
              "err": {},
              "uuid": "bfe07b89-a370-4c83-a549-2a276c642af1",
              "parentUUID": "ea9da1a4-e2cb-46f6-ac67-f950b3de6c65",
              "isHook": false,
              "skipped": false
            },
            {
              "title": "should update a post",
              "fullTitle": "Post API tests should update a post",
              "timedOut": false,
              "duration": 731,
              "state": "passed",
              "speed": "slow",
              "pass": true,
              "fail": false,
              "pending": false,
              "context": null,
              "code": "const response = await api\n  .put('/posts/1')\n  .send({\n    title: 'Lorem Ipsum Updated',\n    body: 'This is an updated post',\n  });\nexpect(response.status).to.equal(200);",
              "err": {},
              "uuid": "42af2cc5-ab69-4fba-adbf-9824032997a0",
              "parentUUID": "ea9da1a4-e2cb-46f6-ac67-f950b3de6c65",
              "isHook": false,
              "skipped": false
            },
            {
              "title": "should delete a post",
              "fullTitle": "Post API tests should delete a post",
              "timedOut": false,
              "duration": 722,
              "state": "passed",
              "speed": "slow",
              "pass": true,
              "fail": false,
              "pending": false,
              "context": null,
              "code": "const response = await api.delete('/posts/1');\nexpect(response.status).to.equal(200);",
              "err": {},
              "uuid": "b7814b71-f629-452a-ad6e-dff02f198f47",
              "parentUUID": "ea9da1a4-e2cb-46f6-ac67-f950b3de6c65",
              "isHook": false,
              "skipped": false
            },
            {
              "title": "should retrieve posts by user id",
              "fullTitle": "Post API tests should retrieve posts by user id",
              "timedOut": false,
              "duration": 101,
              "state": "passed",
              "speed": "slow",
              "pass": true,
              "fail": false,
              "pending": false,
              "context": null,
              "code": "const response = await api.get('/posts?userId=1');\nexpect(response.status).to.equal(200);",
              "err": {},
              "uuid": "ae58ae96-ba04-421e-b06c-f0593d1aa0a0",
              "parentUUID": "ea9da1a4-e2cb-46f6-ac67-f950b3de6c65",
              "isHook": false,
              "skipped": false
            },
            {
              "title": "should retrieve a specific post by its id",
              "fullTitle": "Post API tests should retrieve a specific post by its id",
              "timedOut": false,
              "duration": 91,
              "state": "passed",
              "speed": "slow",
              "pass": true,
              "fail": false,
              "pending": false,
              "context": null,
              "code": "const expResp = {\n  \"userId\": 1,\n  \"id\": 1,\n  \"title\": \"sunt aut facere repellat provident occaecati excepturi optio reprehenderit\",\n  \"body\": \"quia et suscipit\\nsuscipit recusandae consequuntur expedita et cum\\nreprehenderit molestiae ut ut quas totam\\nnostrum rerum est autem sunt rem eveniet architecto\"\n}\nconst response = await api.get('/posts/1');\nexpect(response.status).to.equal(200);\nexpect(response.body).to.deep.equal(expResp);",
              "err": {},
              "uuid": "1c85385c-3cd7-4d34-9fa9-630eca02a44c",
              "parentUUID": "ea9da1a4-e2cb-46f6-ac67-f950b3de6c65",
              "isHook": false,
              "skipped": false
            }
          ],
          "suites": [],
          "passes": [
            "518ebf96-3346-44ac-a695-b1709c53ad7c",
            "d75c19f1-dc66-41da-b4ef-bf1d846c6699",
            "bfe07b89-a370-4c83-a549-2a276c642af1",
            "42af2cc5-ab69-4fba-adbf-9824032997a0",
            "b7814b71-f629-452a-ad6e-dff02f198f47",
            "ae58ae96-ba04-421e-b06c-f0593d1aa0a0",
            "1c85385c-3cd7-4d34-9fa9-630eca02a44c"
          ],
          "failures": [],
          "pending": [],
          "skipped": [],
          "duration": 2648,
          "root": false,
          "rootEmpty": false,
          "_timeout": 2000
        },
        {
          "uuid": "8409fc1b-c3ee-40fa-a379-a3a44abc7397",
          "title": "User API tests",
          "fullFile": "C:\\Users\\Verni\\api-supertest-use-case\\src\\tests\\users.test.js",
          "file": "\\src\\tests\\users.test.js",
          "beforeHooks": [],
          "afterHooks": [],
          "tests": [
            {
              "title": "should retrieve all users",
              "fullTitle": "User API tests should retrieve all users",
              "timedOut": false,
              "duration": 103,
              "state": "passed",
              "speed": "slow",
              "pass": true,
              "fail": false,
              "pending": false,
              "context": null,
              "code": "const response = await api.get('/users');\nexpect(response.status).to.equal(200);\nexpect(response.body.length).to.equal(10);",
              "err": {},
              "uuid": "6b5e1d1f-bca2-43e0-8dfe-6400f13ee1df",
              "parentUUID": "8409fc1b-c3ee-40fa-a379-a3a44abc7397",
              "isHook": false,
              "skipped": false
            },
            {
              "title": "should retrieve a specific user",
              "fullTitle": "User API tests should retrieve a specific user",
              "timedOut": false,
              "duration": 104,
              "state": "passed",
              "speed": "slow",
              "pass": true,
              "fail": false,
              "pending": false,
              "context": null,
              "code": "const response = await api.get('/users/1');\nexpect(response.status).to.equal(200);",
              "err": {},
              "uuid": "d34ba2d7-b09f-465b-928e-37ead2b9360b",
              "parentUUID": "8409fc1b-c3ee-40fa-a379-a3a44abc7397",
              "isHook": false,
              "skipped": false
            },
            {
              "title": "should delete a user",
              "fullTitle": "User API tests should delete a user",
              "timedOut": false,
              "duration": 728,
              "state": "passed",
              "speed": "slow",
              "pass": true,
              "fail": false,
              "pending": false,
              "context": null,
              "code": "const response = await api.delete('/users/1');\nexpect(response.status).to.equal(200);",
              "err": {},
              "uuid": "2618bb8c-116c-4d37-9d28-ed51ed34af14",
              "parentUUID": "8409fc1b-c3ee-40fa-a379-a3a44abc7397",
              "isHook": false,
              "skipped": false
            },
            {
              "title": "should create a new user",
              "fullTitle": "User API tests should create a new user",
              "timedOut": false,
              "duration": 726,
              "state": "passed",
              "speed": "slow",
              "pass": true,
              "fail": false,
              "pending": false,
              "context": null,
              "code": "const response = await api\n  .post('/users')\n  .send({\n    name: 'John Doe',\n    email: 'john.doe@example.com',\n  });\nexpect(response.status).to.equal(201);",
              "err": {},
              "uuid": "999e49f6-9463-4848-952c-1e772efb3ab0",
              "parentUUID": "8409fc1b-c3ee-40fa-a379-a3a44abc7397",
              "isHook": false,
              "skipped": false
            },
            {
              "title": "should update a user",
              "fullTitle": "User API tests should update a user",
              "timedOut": false,
              "duration": 709,
              "state": "passed",
              "speed": "slow",
              "pass": true,
              "fail": false,
              "pending": false,
              "context": null,
              "code": "const response = await api\n  .put('/users/2')\n  .send({\n    name: 'Jane Doe',\n    email: 'jane.doe@example.com',\n  });\nexpect(response.status).to.equal(200);",
              "err": {},
              "uuid": "9d74e218-d0d0-4ef7-a357-3f9d17b8be92",
              "parentUUID": "8409fc1b-c3ee-40fa-a379-a3a44abc7397",
              "isHook": false,
              "skipped": false
            },
            {
              "title": "should retrieve a specific user by email",
              "fullTitle": "User API tests should retrieve a specific user by email",
              "timedOut": false,
              "duration": 97,
              "state": "passed",
              "speed": "slow",
              "pass": true,
              "fail": false,
              "pending": false,
              "context": null,
              "code": "const response = await api.get('/users?email=Karley_Dach@jasper.info');\nexpect(response.status).to.equal(200);\nexpect(response.body[0].id).to.equal(6);",
              "err": {},
              "uuid": "4623b86e-7e4e-4864-bee5-c280fd1d1e07",
              "parentUUID": "8409fc1b-c3ee-40fa-a379-a3a44abc7397",
              "isHook": false,
              "skipped": false
            },
            {
              "title": "should retrieve a specific user by name",
              "fullTitle": "User API tests should retrieve a specific user by name",
              "timedOut": false,
              "duration": 114,
              "state": "passed",
              "speed": "slow",
              "pass": true,
              "fail": false,
              "pending": false,
              "context": null,
              "code": "const response = await api.get('/users?username=Leopoldo_Corkery');\nexpect(response.status).to.equal(200);\nexpect(response.body[0].id).to.equal(6);",
              "err": {},
              "uuid": "d68b3df8-fd6c-4a91-8cd6-28a6212c106a",
              "parentUUID": "8409fc1b-c3ee-40fa-a379-a3a44abc7397",
              "isHook": false,
              "skipped": false
            }
          ],
          "suites": [],
          "passes": [
            "6b5e1d1f-bca2-43e0-8dfe-6400f13ee1df",
            "d34ba2d7-b09f-465b-928e-37ead2b9360b",
            "2618bb8c-116c-4d37-9d28-ed51ed34af14",
            "999e49f6-9463-4848-952c-1e772efb3ab0",
            "9d74e218-d0d0-4ef7-a357-3f9d17b8be92",
            "4623b86e-7e4e-4864-bee5-c280fd1d1e07",
            "d68b3df8-fd6c-4a91-8cd6-28a6212c106a"
          ],
          "failures": [],
          "pending": [],
          "skipped": [],
          "duration": 2581,
          "root": false,
          "rootEmpty": false,
          "_timeout": 2000
        }
      ],
      "passes": [],
      "failures": [],
      "pending": [],
      "skipped": [],
      "duration": 0,
      "root": true,
      "rootEmpty": true,
      "_timeout": 2000
    }
  ],
  "meta": {
    "mocha": {
      "version": "10.8.2"
    },
    "mochawesome": {
      "options": {
        "quiet": false,
        "reportFilename": "mochawesome",
        "saveHtml": true,
        "saveJson": true,
        "consoleReporter": "spec",
        "useInlineDiffs": false,
        "code": true
      },
      "version": "7.1.3"
    },
    "marge": {
      "options": null,
      "version": "6.2.0"
    }
  }
}